Wed Feb 17 2021 16:01:34 GMT+0000 (Greenwich Mean Time) uncaughtException
  Error: ENOENT: no such file or directory, open './openssl.key'
    at Object.openSync (fs.js:458:3)
    at Object.readFileSync (fs.js:360:35)
    at Object.<anonymous> (C:\DATA\APPS\socket-test\src\server.js:23:11)
    at Module._compile (internal/modules/cjs/loader.js:1133:30)
    at Object.Module._extensions..js (internal/modules/cjs/loader.js:1153:10)
    at Module.load (internal/modules/cjs/loader.js:977:32)
    at Function.Module._load (internal/modules/cjs/loader.js:877:14)
    at Function.executeUserEntryPoint [as runMain] (internal/modules/run_main.js:74:12)
    at internal/main/run_main_module.js:18:47
Wed Feb 17 2021 16:02:37 GMT+0000 (Greenwich Mean Time) uncaughtException
  Error: ENOENT: no such file or directory, open 'C:\DATA\APPS\socket-test/openssl.key'
    at Object.openSync (fs.js:458:3)
    at Object.readFileSync (fs.js:360:35)
    at Object.<anonymous> (C:\DATA\APPS\socket-test\src\server.js:23:11)
    at Module._compile (internal/modules/cjs/loader.js:1133:30)
    at Object.Module._extensions..js (internal/modules/cjs/loader.js:1153:10)
    at Module.load (internal/modules/cjs/loader.js:977:32)
    at Function.Module._load (internal/modules/cjs/loader.js:877:14)
    at Function.executeUserEntryPoint [as runMain] (internal/modules/run_main.js:74:12)
    at internal/main/run_main_module.js:18:47
Wed Feb 17 2021 16:04:11 GMT+0000 (Greenwich Mean Time) uncaughtException
  Error: ENOENT: no such file or directory, open 'C:\DATA\APPS\socket-test\src./openssl.csr'
    at Object.openSync (fs.js:458:3)
    at Object.readFileSync (fs.js:360:35)
    at Object.<anonymous> (C:\DATA\APPS\socket-test\src\server.js:24:12)
    at Module._compile (internal/modules/cjs/loader.js:1133:30)
    at Object.Module._extensions..js (internal/modules/cjs/loader.js:1153:10)
    at Module.load (internal/modules/cjs/loader.js:977:32)
    at Function.Module._load (internal/modules/cjs/loader.js:877:14)
    at Function.executeUserEntryPoint [as runMain] (internal/modules/run_main.js:74:12)
    at internal/main/run_main_module.js:18:47
Wed Feb 17 2021 16:06:02 GMT+0000 (Greenwich Mean Time) uncaughtException
  Error: ENOENT: no such file or directory, open 'C:\DATA\APPS\socket-test\srcopenssl.key'
    at Object.openSync (fs.js:458:3)
    at Object.readFileSync (fs.js:360:35)
    at Object.<anonymous> (C:\DATA\APPS\socket-test\src\server.js:25:11)
    at Module._compile (internal/modules/cjs/loader.js:1133:30)
    at Object.Module._extensions..js (internal/modules/cjs/loader.js:1153:10)
    at Module.load (internal/modules/cjs/loader.js:977:32)
    at Function.Module._load (internal/modules/cjs/loader.js:877:14)
    at Function.executeUserEntryPoint [as runMain] (internal/modules/run_main.js:74:12)
    at internal/main/run_main_module.js:18:47
Wed Feb 17 2021 16:06:42 GMT+0000 (Greenwich Mean Time) uncaughtException
  Error: error:0909006C:PEM routines:get_name:no start line
    at Object.createSecureContext (_tls_common.js:129:17)
    at Server.setSecureContext (_tls_wrap.js:1294:27)
    at Server (_tls_wrap.js:1158:8)
    at new Server (https.js:68:14)
    at Object.createServer (https.js:92:10)
    at Object.<anonymous> (C:\DATA\APPS\socket-test\src\server.js:33:32)
    at Module._compile (internal/modules/cjs/loader.js:1133:30)
    at Object.Module._extensions..js (internal/modules/cjs/loader.js:1153:10)
    at Module.load (internal/modules/cjs/loader.js:977:32)
    at Function.Module._load (internal/modules/cjs/loader.js:877:14)
Wed Feb 17 2021 16:10:02 GMT+0000 (Greenwich Mean Time) uncaughtException
  Error: error:0909006C:PEM routines:get_name:no start line
    at Object.createSecureContext (_tls_common.js:129:17)
    at Server.setSecureContext (_tls_wrap.js:1294:27)
    at Server (_tls_wrap.js:1158:8)
    at new Server (https.js:68:14)
    at Object.createServer (https.js:92:10)
    at Object.<anonymous> (C:\DATA\APPS\socket-test\src\server.js:33:32)
    at Module._compile (internal/modules/cjs/loader.js:1133:30)
    at Object.Module._extensions..js (internal/modules/cjs/loader.js:1153:10)
    at Module.load (internal/modules/cjs/loader.js:977:32)
    at Function.Module._load (internal/modules/cjs/loader.js:877:14)
Wed Feb 17 2021 16:10:46 GMT+0000 (Greenwich Mean Time) uncaughtException
  Error: error:0908F066:PEM routines:get_header_and_data:bad end line
    at Object.createSecureContext (_tls_common.js:129:17)
    at Server.setSecureContext (_tls_wrap.js:1294:27)
    at Server (_tls_wrap.js:1158:8)
    at new Server (https.js:68:14)
    at Object.createServer (https.js:92:10)
    at Object.<anonymous> (C:\DATA\APPS\socket-test\src\server.js:33:32)
    at Module._compile (internal/modules/cjs/loader.js:1133:30)
    at Object.Module._extensions..js (internal/modules/cjs/loader.js:1153:10)
    at Module.load (internal/modules/cjs/loader.js:977:32)
    at Function.Module._load (internal/modules/cjs/loader.js:877:14)
Wed Feb 17 2021 17:40:45 GMT+0000 (Greenwich Mean Time) SIGINT
Wed Feb 17 2021 17:42:22 GMT+0000 (Greenwich Mean Time) SIGINT
Wed Feb 17 2021 17:43:28 GMT+0000 (Greenwich Mean Time) SIGINT
